[www.carlgordonmedia.com/index.html]
[backblue.gif]
[fade.gif]
[index.html]
[cdn.prod.website-files.com/615d64939fac622a8fc9824e/css/cg-portfolio-ce428d.webflow.ea6f77da4.css]
[ajax.googleapis.com/ajax/libs/webfont/1.6.26/webfont.js]
[cdn.prod.website-files.com/615d64939fac622a8fc9824e/63fc6b2afc5aae84f4abd51d_Favicon.png]
[cdn.prod.website-files.com/615d64939fac622a8fc9824e/63fc6c2dbf0561f896644fe2_Webclip Logo smaller.png]
[cdnjs.cloudflare.com/ajax/libs/jquery/3.3.1/jquery.min.js]
[cdn.prod.website-files.com/615d64939fac622a8fc9824e/66497a977410054d12ade00b_bio_image_new.png]
[d3e54v103j8qbb.cloudfront.net/js/jquery-3.5.1.min.dc5e7f18c8ba4a.js]
[cdn.prod.website-files.com/615d64939fac622a8fc9824e/js/webflow.09067f03f.js]
[www.carlgordonmedia.com/index.html]
[cdnjs.cloudflare.com/ajax/libs/howler/2.2.3/howler.min.js]
[cdn.prod.website-files.com/615d64939fac622a8fc9824e/616389f5e29684f36bf3a927_color_splash_compressed.jpg]
[cdn.prod.website-files.com/615d64939fac622a8fc9824e/61638aa5fb8a9d5bd6ca8a20_home_dramatic_compressed.jpg]
[cdn.prod.website-files.com/615d64939fac622a8fc9824e/61654954559bab2c900681f9_repeating_grid_deep.png]
[cdn.prod.website-files.com/615d64939fac622a8fc9824e/623102f8ca814c34bb433575_Sphere_skeleton_white_reduced.png]
[cdn.prod.website-files.com/615d64939fac622a8fc9824e/623be78752e643c94f7eda6d_Case Study Tiles_Only Grid.png]
[cdn.prod.website-files.com/615d64939fac622a8fc9824e/62fc8134579d722099e5028f_Case Study Tiles_Only Grid Invert.png]
[cdn.prod.website-files.com/615d64939fac622a8fc9824e/62f9c85e9ad000ab70a9fb40_good-grain.png]
[cdn.prod.website-files.com/615d64939fac622a8fc9824e/629b66434ed1a8c528233f17_overcastlight.jpg]
[cdn.prod.website-files.com/615d64939fac622a8fc9824e/62a178031c2fb65948957838_fish-line.png]
[cdn.prod.website-files.com/615d64939fac622a8fc9824e/62a05f5eafacb552c32781b8_night_bg_compressed.png]
[cdn.prod.website-files.com/615d64939fac622a8fc9824e/62a1a21e1db77f20aeb3459c_water-tile-final-compressed.png]
[cdn.prod.website-files.com/615d64939fac622a8fc9824e/62a05d8782712130c3a3ae21_20134 [Converted]-01.png]
[cdn.prod.website-files.com/615d64939fac622a8fc9824e/62a06ab7b0ba566c6c4cebc9_bgs-02.png]
[cdn.prod.website-files.com/615d64939fac622a8fc9824e/62a3199977e7d1cee15c6a4e_octopus.png]
[cdn.prod.website-files.com/615d64939fac622a8fc9824e/62a319cd77e7d101ad5c6ba0_kakigori.png]
[cdn.prod.website-files.com/615d64939fac622a8fc9824e/62a319ef1b526009a107ae95_corn.png]
[cdn.prod.website-files.com/615d64939fac622a8fc9824e/61637d4120c8036fd56c24be_Sphere_skeleton_white.png]
[cdn.prod.website-files.com/615d64939fac622a8fc9824e/6163815051c24f7dae5396d7_Cone_skeleton_white.png]
[cdn.prod.website-files.com/615d64939fac622a8fc9824e/6375ed3bcde0016f4a3db911_6.png]
[cdn.prod.website-files.com/615d64939fac622a8fc9824e/62f47a4059823e07e089665e_Gold Blur_small.png]
[cdn.prod.website-files.com/615d64939fac622a8fc9824e/62f47a0acf38924fe02ee0c8_Blue Blur_small.png]
[cdn.prod.website-files.com/615d64939fac622a8fc9824e/62f47a2c2130ef4062dd72ed_Orange Blur_small.png]
[cdn.prod.website-files.com/615d64939fac622a8fc9824e/6232ac7458e5d74bdee50a63_Case Study Tiles_Lumo Case Study Transparent.png]
[cdn.prod.website-files.com/615d64939fac622a8fc9824e/66139fe892cb70fd66c571d0_Project Inner - CG Theme.jpg]
[cdn.prod.website-files.com/615d64939fac622a8fc9824e/663abb8325d4758be1228073_texture_map.png]
[cdn.prod.website-files.com/615d64939fac622a8fc9824e/6375eebe89d76b0e9ed2791f_9.png]
[cdn.prod.website-files.com/615d64939fac622a8fc9824e/6375eccce3f13601d83cc59d_2.png]
[cdn.prod.website-files.com/615d64939fac622a8fc9824e/6375ec8e3dbabc0ce54ff74e_3.png]
[cdn.prod.website-files.com/615d64939fac622a8fc9824e/6375ed7d8cab8b0c28af74d8_4.png]
[cdn.prod.website-files.com/615d64939fac622a8fc9824e/6375edd3aaf42849c4f68faa_8.png]
[cdn.prod.website-files.com/615d64939fac622a8fc9824e/663abe4e5bdd1b1979b3b153_ticket-image_project1.png]
[cdn.prod.website-files.com/615d64939fac622a8fc9824e/62466cddd80d75bfaab93d79_Alt Background V2 Tablet.jpg]
[cdn.prod.website-files.com/615d64939fac622a8fc9824e/615fd5d45993537be52c4ba0_repeating_grid.png]
[cdn.prod.website-files.com/615d64939fac622a8fc9824e/664575e033432e952711fc75_Phone background.png]
[cdn.prod.website-files.com/615d64939fac622a8fc9824e/css/cg-portfolio-ce428d.webflow.ea6f77da4.css]
[www.carlgordonmedia.com/_https_/cdn.prod.website-files.com/615d64939fac622a8fc9824e/6649696d2b1799df326d794b_set3_blur-poster-00001.html]
[www.carlgordonmedia.com/_https_/cdn.prod.website-files.com/616370cd51c24fe3f5530a0b/664311ddf6323b1170e28e24_ticket-image_QBIO.html]
[www.carlgordonmedia.com/_https_/cdn.prod.website-files.com/616370cd51c24fe3f5530a0b/66431300788b7477ca1ce3a0_ticket-image_beyondreality.html]
[www.carlgordonmedia.com/_https_/cdn.prod.website-files.com/616370cd51c24fe3f5530a0b/66431311aa8de2ce468fbd4b_ticket-image_lumo.html]
[www.carlgordonmedia.com/_https_/cdn.prod.website-files.com/616370cd51c24fe3f5530a0b/6643148019684198098f6551_ticket-image_re_vision.html]
[www.carlgordonmedia.com/_https_/cdn.prod.website-files.com/616370cd51c24fe3f5530a0b/6643147491298114198cd8a8_ticket-image_SGF.html]
[www.carlgordonmedia.com/_https_/cdn.prod.website-files.com/616370cd51c24fe3f5530a0b/664311ba5df61c94ab1ab742_ticket-image_hbmc.html]
